<?xml version="1.0" encoding="UTF-8"?>
<testng-results ignored="0" total="3" passed="3" failed="0" skipped="0">
  <reporter-output>
  </reporter-output>
  <suite started-at="2023-05-29T10:58:04 CEST" name="Suite" finished-at="2023-05-29T10:58:18 CEST" duration-ms="14325">
    <groups>
    </groups>
    <test started-at="2023-05-29T10:58:04 CEST" name="Test" finished-at="2023-05-29T10:58:18 CEST" duration-ms="14325">
      <class name="test.go_to_amazon">
        <test-method signature="goToAmazon()[pri:0, instance:test.go_to_amazon@15eb5ee5]" started-at="2023-05-29T10:58:04 CEST" name="goToAmazon" finished-at="2023-05-29T10:58:08 CEST" duration-ms="4486" status="PASS">
          <reporter-output>
          </reporter-output>
        </test-method> <!-- goToAmazon -->
      </class> <!-- test.go_to_amazon -->
      <class name="test.trending">
        <test-method signature="trendProducts()[pri:0, instance:test.trending@647e447]" started-at="2023-05-29T10:58:08 CEST" name="trendProducts" finished-at="2023-05-29T10:58:12 CEST" duration-ms="3620" status="PASS">
          <reporter-output>
          </reporter-output>
        </test-method> <!-- trendProducts -->
        <test-method signature="GetTrendProducts()[pri:0, instance:test.trending@647e447]" started-at="2023-05-29T10:58:12 CEST" name="GetTrendProducts" finished-at="2023-05-29T10:58:18 CEST" depends-on-methods="test.trending.trendProducts" duration-ms="6163" status="PASS">
          <reporter-output>
          </reporter-output>
        </test-method> <!-- GetTrendProducts -->
      </class> <!-- test.trending -->
    </test> <!-- Test -->
  </suite> <!-- Suite -->
</testng-results>
